# JRE version: Java(TM) SE Runtime Environment (8.0_05-b13) (build 1.8.0_05-b13)
# Java VM: Java HotSpot(TM) 64-Bit Server VM (25.5-b02 mixed mode linux-amd64 compressed oops)
Heap:
 PSYoungGen      total 227840K, used 67103K [0x00000000f0000000, 0x0000000100000000, 0x0000000100000000)
  eden space 196608K, 23% used [0x00000000f0000000,0x00000000f2c52db8,0x00000000fc000000)
  from space 31232K, 69% used [0x00000000fe180000,0x00000000ff6b4f50,0x0000000100000000)
  to   space 32768K, 0% used [0x00000000fc000000,0x00000000fc000000,0x00000000fe000000)
 ParOldGen       total 97280K, used 75829K [0x00000000d0000000, 0x00000000d5f00000, 0x00000000f0000000)
  object space 97280K, 77% used [0x00000000d0000000,0x00000000d4a0d440,0x00000000d5f00000)
 Metaspace       used 54578K, capacity 56326K, committed 56364K, reserved 1099776K
  class space    used 6097K, capacity 6677K, committed 6700K, reserved 1048576K
GC Heap History (10 events):
Event: 20,378 GC heap before
{Heap before GC invocations=68 (full 7):
 PSYoungGen      total 203776K, used 193104K [0x00000000f0000000, 0x00000000fdd00000, 0x0000000100000000)
  eden space 186368K, 100% used [0x00000000f0000000,0x00000000fb600000,0x00000000fb600000)
  from space 17408K, 38% used [0x00000000fcc00000,0x00000000fd294008,0x00000000fdd00000)
  to   space 19968K, 0% used [0x00000000fb600000,0x00000000fb600000,0x00000000fc980000)
 ParOldGen       total 75776K, used 58691K [0x00000000d0000000, 0x00000000d4a00000, 0x00000000f0000000)
  object space 75776K, 77% used [0x00000000d0000000,0x00000000d3950ea0,0x00000000d4a00000)
 Metaspace       used 48192K, capacity 49504K, committed 49836K, reserved 1093632K
  class space    used 5328K, capacity 5711K, committed 5804K, reserved 1048576K
Event: 20,406 GC heap after
Heap after GC invocations=68 (full 7):
 PSYoungGen      total 206336K, used 13017K [0x00000000f0000000, 0x00000000fed00000, 0x0000000100000000)
  eden space 186368K, 0% used [0x00000000f0000000,0x00000000f0000000,0x00000000fb600000)
  from space 19968K, 65% used [0x00000000fb600000,0x00000000fc2b6660,0x00000000fc980000)
  to   space 20480K, 0% used [0x00000000fd900000,0x00000000fd900000,0x00000000fed00000)
 ParOldGen       total 75776K, used 58699K [0x00000000d0000000, 0x00000000d4a00000, 0x00000000f0000000)
  object space 75776K, 77% used [0x00000000d0000000,0x00000000d3952ea0,0x00000000d4a00000)
 Metaspace       used 48192K, capacity 49504K, committed 49836K, reserved 1093632K
  class space    used 5328K, capacity 5711K, committed 5804K, reserved 1048576K
}
Event: 21,555 GC heap before
{Heap before GC invocations=69 (full 7):
 PSYoungGen      total 206336K, used 199385K [0x00000000f0000000, 0x00000000fed00000, 0x0000000100000000)
  eden space 186368K, 100% used [0x00000000f0000000,0x00000000fb600000,0x00000000fb600000)
  from space 19968K, 65% used [0x00000000fb600000,0x00000000fc2b6660,0x00000000fc980000)
  to   space 20480K, 0% used [0x00000000fd900000,0x00000000fd900000,0x00000000fed00000)
 ParOldGen       total 75776K, used 58699K [0x00000000d0000000, 0x00000000d4a00000, 0x00000000f0000000)
  object space 75776K, 77% used [0x00000000d0000000,0x00000000d3952ea0,0x00000000d4a00000)
 Metaspace       used 49746K, capacity 50968K, committed 51500K, reserved 1095680K
  class space    used 5453K, capacity 5812K, committed 5932K, reserved 1048576K
Event: 21,607 GC heap after
Heap after GC invocations=69 (full 7):
 PSYoungGen      total 218624K, used 20463K [0x00000000f0000000, 0x00000000ff380000, 0x0000000100000000)
  eden space 198144K, 0% used [0x00000000f0000000,0x00000000f0000000,0x00000000fc180000)
  from space 20480K, 99% used [0x00000000fd900000,0x00000000fecfbeb0,0x00000000fed00000)
  to   space 24064K, 0% used [0x00000000fc180000,0x00000000fc180000,0x00000000fd900000)
 ParOldGen       total 75776K, used 59611K [0x00000000d0000000, 0x00000000d4a00000, 0x00000000f0000000)
  object space 75776K, 78% used [0x00000000d0000000,0x00000000d3a36cd0,0x00000000d4a00000)
 Metaspace       used 49746K, capacity 50968K, committed 51500K, reserved 1095680K
  class space    used 5453K, capacity 5812K, committed 5932K, reserved 1048576K
}
Event: 22,821 GC heap before
{Heap before GC invocations=70 (full 7):
 PSYoungGen      total 218624K, used 218607K [0x00000000f0000000, 0x00000000ff380000, 0x0000000100000000)
  eden space 198144K, 100% used [0x00000000f0000000,0x00000000fc180000,0x00000000fc180000)
  from space 20480K, 99% used [0x00000000fd900000,0x00000000fecfbeb0,0x00000000fed00000)
  to   space 24064K, 0% used [0x00000000fc180000,0x00000000fc180000,0x00000000fd900000)
 ParOldGen       total 75776K, used 59611K [0x00000000d0000000, 0x00000000d4a00000, 0x00000000f0000000)
  object space 75776K, 78% used [0x00000000d0000000,0x00000000d3a36cd0,0x00000000d4a00000)
 Metaspace       used 52900K, capacity 54362K, committed 54700K, reserved 1097728K
  class space    used 5825K, capacity 6305K, committed 6316K, reserved 1048576K
Event: 22,891 GC heap after
Heap after GC invocations=70 (full 7):
 PSYoungGen      total 222208K, used 24041K [0x00000000f0000000, 0x0000000100000000, 0x0000000100000000)
  eden space 198144K, 0% used [0x00000000f0000000,0x00000000f0000000,0x00000000fc180000)
  from space 24064K, 99% used [0x00000000fc180000,0x00000000fd8fa408,0x00000000fd900000)
  to   space 31232K, 0% used [0x00000000fe180000,0x00000000fe180000,0x0000000100000000)
 ParOldGen       total 75776K, used 69084K [0x00000000d0000000, 0x00000000d4a00000, 0x00000000f0000000)
  object space 75776K, 91% used [0x00000000d0000000,0x00000000d43773d0,0x00000000d4a00000)
 Metaspace       used 52900K, capacity 54362K, committed 54700K, reserved 1097728K
  class space    used 5825K, capacity 6305K, committed 6316K, reserved 1048576K
}
Event: 22,891 GC heap before
{Heap before GC invocations=71 (full 8):
 PSYoungGen      total 222208K, used 24041K [0x00000000f0000000, 0x0000000100000000, 0x0000000100000000)
  eden space 198144K, 0% used [0x00000000f0000000,0x00000000f0000000,0x00000000fc180000)
  from space 24064K, 99% used [0x00000000fc180000,0x00000000fd8fa408,0x00000000fd900000)
  to   space 31232K, 0% used [0x00000000fe180000,0x00000000fe180000,0x0000000100000000)
 ParOldGen       total 75776K, used 69084K [0x00000000d0000000, 0x00000000d4a00000, 0x00000000f0000000)
  object space 75776K, 91% used [0x00000000d0000000,0x00000000d43773d0,0x00000000d4a00000)
 Metaspace       used 52900K, capacity 54362K, committed 54700K, reserved 1097728K
  class space    used 5825K, capacity 6305K, committed 6316K, reserved 1048576K
Event: 23,869 GC heap after
Heap after GC invocations=71 (full 8):
 PSYoungGen      total 222208K, used 15733K [0x00000000f0000000, 0x0000000100000000, 0x0000000100000000)
  eden space 198144K, 0% used [0x00000000f0000000,0x00000000f0000000,0x00000000fc180000)
  from space 24064K, 65% used [0x00000000fc180000,0x00000000fd0dd430,0x00000000fd900000)
  to   space 31232K, 0% used [0x00000000fe180000,0x00000000fe180000,0x0000000100000000)
 ParOldGen       total 97280K, used 75573K [0x00000000d0000000, 0x00000000d5f00000, 0x00000000f0000000)
  object space 97280K, 77% used [0x00000000d0000000,0x00000000d49cd420,0x00000000d5f00000)
 Metaspace       used 52900K, capacity 54362K, committed 54700K, reserved 1097728K
  class space    used 5825K, capacity 6305K, committed 6316K, reserved 1048576K
}
Event: 24,755 GC heap before
{Heap before GC invocations=72 (full 8):
 PSYoungGen      total 222208K, used 213877K [0x00000000f0000000, 0x0000000100000000, 0x0000000100000000)
  eden space 198144K, 100% used [0x00000000f0000000,0x00000000fc180000,0x00000000fc180000)
  from space 24064K, 65% used [0x00000000fc180000,0x00000000fd0dd430,0x00000000fd900000)
  to   space 31232K, 0% used [0x00000000fe180000,0x00000000fe180000,0x0000000100000000)
 ParOldGen       total 97280K, used 75573K [0x00000000d0000000, 0x00000000d5f00000, 0x00000000f0000000)
  object space 97280K, 77% used [0x00000000d0000000,0x00000000d49cd420,0x00000000d5f00000)
 Metaspace       used 54292K, capacity 56020K, committed 56108K, reserved 1099776K
  class space    used 6054K, capacity 6617K, committed 6700K, reserved 1048576K
Event: 24,821 GC heap after
Heap after GC invocations=72 (full 8):
 PSYoungGen      total 227840K, used 21715K [0x00000000f0000000, 0x0000000100000000, 0x0000000100000000)
  eden space 196608K, 0% used [0x00000000f0000000,0x00000000f0000000,0x00000000fc000000)
  from space 31232K, 69% used [0x00000000fe180000,0x00000000ff6b4f50,0x0000000100000000)
  to   space 32768K, 0% used [0x00000000fc000000,0x00000000fc000000,0x00000000fe000000)
 ParOldGen       total 97280K, used 75829K [0x00000000d0000000, 0x00000000d5f00000, 0x00000000f0000000)
  object space 97280K, 77% used [0x00000000d0000000,0x00000000d4a0d440,0x00000000d5f00000)
 Metaspace       used 54292K, capacity 56020K, committed 56108K, reserved 1099776K
  class space    used 6054K, capacity 6617K, committed 6700K, reserved 1048576K
}

